{"/Users/nidhal/Workspace/Nest/tests/src/app.controller.ts": {"path":"/Users/nidhal/Workspace/Nest/tests/src/app.controller.ts","statementMap":{"0":{"start":{"line":1,"column":0},"end":{"line":1,"column":49}},"1":{"start":{"line":2,"column":0},"end":{"line":2,"column":43}},"2":{"start":{"line":5,"column":7},"end":{"line":12,"column":null}},"3":{"start":{"line":6,"column":31},"end":{"line":6,"column":43}},"4":{"start":{"line":10,"column":4},"end":{"line":10,"column":38}},"5":{"start":{"line":5,"column":13},"end":{"line":5,"column":26}},"6":{"start":{"line":9,"column":2},"end":{"line":11,"column":null}},"7":{"start":{"line":5,"column":13},"end":{"line":12,"column":null}}},"fnMap":{"0":{"name":"(anonymous_2)","decl":{"start":{"line":6,"column":2},"end":{"line":6,"column":31}},"loc":{"start":{"line":6,"column":53},"end":{"line":6,"column":57}}},"1":{"name":"(anonymous_3)","decl":{"start":{"line":9,"column":2},"end":{"line":9,"column":10}},"loc":{"start":{"line":9,"column":10},"end":{"line":11,"column":3}}}},"branchMap":{},"s":{"0":1,"1":1,"2":1,"3":1,"4":1,"5":1,"6":1,"7":1},"f":{"0":1,"1":1},"b":{}}
,"/Users/nidhal/Workspace/Nest/tests/src/app.module.ts": {"path":"/Users/nidhal/Workspace/Nest/tests/src/app.module.ts","statementMap":{"0":{"start":{"line":1,"column":0},"end":{"line":1,"column":40}},"1":{"start":{"line":2,"column":0},"end":{"line":2,"column":49}},"2":{"start":{"line":3,"column":0},"end":{"line":3,"column":43}},"3":{"start":{"line":4,"column":0},"end":{"line":4,"column":48}},"4":{"start":{"line":5,"column":0},"end":{"line":5,"column":48}},"5":{"start":{"line":6,"column":0},"end":{"line":6,"column":50}},"6":{"start":{"line":13,"column":7},"end":{"line":13,"column":null}},"7":{"start":{"line":13,"column":13},"end":{"line":13,"column":22}},"8":{"start":{"line":13,"column":13},"end":{"line":13,"column":null}}},"fnMap":{},"branchMap":{},"s":{"0":0,"1":0,"2":0,"3":0,"4":0,"5":0,"6":0,"7":0,"8":0},"f":{},"b":{}}
,"/Users/nidhal/Workspace/Nest/tests/src/app.service.ts": {"path":"/Users/nidhal/Workspace/Nest/tests/src/app.service.ts","statementMap":{"0":{"start":{"line":1,"column":0},"end":{"line":1,"column":44}},"1":{"start":{"line":4,"column":7},"end":{"line":8,"column":null}},"2":{"start":{"line":6,"column":4},"end":{"line":6,"column":26}},"3":{"start":{"line":4,"column":13},"end":{"line":4,"column":23}},"4":{"start":{"line":4,"column":13},"end":{"line":8,"column":null}}},"fnMap":{"0":{"name":"(anonymous_1)","decl":{"start":{"line":5,"column":2},"end":{"line":5,"column":10}},"loc":{"start":{"line":5,"column":10},"end":{"line":7,"column":3}}}},"branchMap":{},"s":{"0":1,"1":1,"2":1,"3":1,"4":1},"f":{"0":1},"b":{}}
,"/Users/nidhal/Workspace/Nest/tests/src/main.ts": {"path":"/Users/nidhal/Workspace/Nest/tests/src/main.ts","statementMap":{"0":{"start":{"line":1,"column":0},"end":{"line":1,"column":43}},"1":{"start":{"line":2,"column":0},"end":{"line":2,"column":41}},"2":{"start":{"line":5,"column":14},"end":{"line":5,"column":49}},"3":{"start":{"line":6,"column":2},"end":{"line":6,"column":25}},"4":{"start":{"line":8,"column":0},"end":{"line":8,"column":12}}},"fnMap":{"0":{"name":"bootstrap","decl":{"start":{"line":4,"column":15},"end":{"line":4,"column":24}},"loc":{"start":{"line":4,"column":24},"end":{"line":7,"column":1}}}},"branchMap":{},"s":{"0":0,"1":0,"2":0,"3":0,"4":0},"f":{"0":0},"b":{}}
,"/Users/nidhal/Workspace/Nest/tests/src/book/book.controller.ts": {"path":"/Users/nidhal/Workspace/Nest/tests/src/book/book.controller.ts","statementMap":{"0":{"start":{"line":1,"column":0},"end":{"line":1,"column":null}},"1":{"start":{"line":14,"column":0},"end":{"line":14,"column":45}},"2":{"start":{"line":18,"column":7},"end":{"line":67,"column":null}},"3":{"start":{"line":19,"column":22},"end":{"line":19,"column":31}},"4":{"start":{"line":23,"column":4},"end":{"line":28,"column":5}},"5":{"start":{"line":24,"column":19},"end":{"line":24,"column":61}},"6":{"start":{"line":25,"column":6},"end":{"line":25,"column":20}},"7":{"start":{"line":27,"column":6},"end":{"line":27,"column":36}},"8":{"start":{"line":33,"column":17},"end":{"line":33,"column":54}},"9":{"start":{"line":34,"column":4},"end":{"line":34,"column":39}},"10":{"start":{"line":39,"column":4},"end":{"line":44,"column":5}},"11":{"start":{"line":40,"column":19},"end":{"line":40,"column":60}},"12":{"start":{"line":41,"column":6},"end":{"line":41,"column":20}},"13":{"start":{"line":43,"column":6},"end":{"line":43,"column":36}},"14":{"start":{"line":49,"column":17},"end":{"line":49,"column":62}},"15":{"start":{"line":50,"column":4},"end":{"line":50,"column":43}},"16":{"start":{"line":55,"column":14},"end":{"line":55,"column":55}},"17":{"start":{"line":56,"column":4},"end":{"line":56,"column":21}},"18":{"start":{"line":58,"column":4},"end":{"line":58,"column":53}},"19":{"start":{"line":58,"column":23},"end":{"line":58,"column":53}},"20":{"start":{"line":59,"column":4},"end":{"line":59,"column":48}},"21":{"start":{"line":64,"column":14},"end":{"line":64,"column":51}},"22":{"start":{"line":65,"column":4},"end":{"line":65,"column":41}},"23":{"start":{"line":18,"column":13},"end":{"line":18,"column":27}},"24":{"start":{"line":22,"column":8},"end":{"line":29,"column":null}},"25":{"start":{"line":32,"column":8},"end":{"line":35,"column":null}},"26":{"start":{"line":38,"column":8},"end":{"line":45,"column":null}},"27":{"start":{"line":48,"column":8},"end":{"line":51,"column":null}},"28":{"start":{"line":54,"column":8},"end":{"line":60,"column":null}},"29":{"start":{"line":63,"column":8},"end":{"line":66,"column":null}},"30":{"start":{"line":18,"column":13},"end":{"line":67,"column":null}}},"fnMap":{"0":{"name":"(anonymous_4)","decl":{"start":{"line":19,"column":2},"end":{"line":19,"column":22}},"loc":{"start":{"line":19,"column":42},"end":{"line":19,"column":46}}},"1":{"name":"(anonymous_5)","decl":{"start":{"line":22,"column":2},"end":{"line":22,"column":7}},"loc":{"start":{"line":22,"column":19},"end":{"line":29,"column":3}}},"2":{"name":"(anonymous_6)","decl":{"start":{"line":32,"column":2},"end":{"line":32,"column":7}},"loc":{"start":{"line":32,"column":28},"end":{"line":35,"column":3}}},"3":{"name":"(anonymous_7)","decl":{"start":{"line":38,"column":2},"end":{"line":38,"column":7}},"loc":{"start":{"line":38,"column":43},"end":{"line":45,"column":3}}},"4":{"name":"(anonymous_8)","decl":{"start":{"line":48,"column":2},"end":{"line":48,"column":7}},"loc":{"start":{"line":48,"column":67},"end":{"line":51,"column":3}}},"5":{"name":"(anonymous_9)","decl":{"start":{"line":54,"column":2},"end":{"line":54,"column":7}},"loc":{"start":{"line":54,"column":52},"end":{"line":60,"column":3}}},"6":{"name":"(anonymous_10)","decl":{"start":{"line":63,"column":2},"end":{"line":63,"column":7}},"loc":{"start":{"line":63,"column":49},"end":{"line":66,"column":3}}}},"branchMap":{"0":{"loc":{"start":{"line":58,"column":4},"end":{"line":58,"column":53}},"type":"if","locations":[{"start":{"line":58,"column":4},"end":{"line":58,"column":53}}]}},"s":{"0":1,"1":1,"2":1,"3":6,"4":1,"5":1,"6":1,"7":0,"8":1,"9":1,"10":2,"11":2,"12":1,"13":1,"14":1,"15":1,"16":0,"17":0,"18":0,"19":0,"20":0,"21":0,"22":0,"23":1,"24":1,"25":1,"26":1,"27":1,"28":1,"29":1,"30":1},"f":{"0":6,"1":1,"2":1,"3":2,"4":1,"5":0,"6":0},"b":{"0":[0]}}
,"/Users/nidhal/Workspace/Nest/tests/src/book/book.entity.ts": {"path":"/Users/nidhal/Workspace/Nest/tests/src/book/book.entity.ts","statementMap":{"0":{"start":{"line":1,"column":0},"end":{"line":1,"column":65}},"1":{"start":{"line":4,"column":7},"end":{"line":24,"column":null}},"2":{"start":{"line":4,"column":13},"end":{"line":4,"column":23}},"3":{"start":{"line":6,"column":2},"end":{"line":6,"column":null}},"4":{"start":{"line":15,"column":2},"end":{"line":15,"column":null}},"5":{"start":{"line":18,"column":2},"end":{"line":18,"column":null}},"6":{"start":{"line":23,"column":2},"end":{"line":23,"column":null}},"7":{"start":{"line":4,"column":13},"end":{"line":24,"column":null}}},"fnMap":{},"branchMap":{},"s":{"0":1,"1":1,"2":1,"3":1,"4":1,"5":1,"6":1,"7":1},"f":{},"b":{}}
,"/Users/nidhal/Workspace/Nest/tests/src/book/book.module.ts": {"path":"/Users/nidhal/Workspace/Nest/tests/src/book/book.module.ts","statementMap":{"0":{"start":{"line":1,"column":0},"end":{"line":1,"column":40}},"1":{"start":{"line":2,"column":0},"end":{"line":2,"column":51}},"2":{"start":{"line":3,"column":0},"end":{"line":3,"column":45}},"3":{"start":{"line":4,"column":0},"end":{"line":4,"column":43}},"4":{"start":{"line":5,"column":0},"end":{"line":5,"column":48}},"5":{"start":{"line":12,"column":7},"end":{"line":12,"column":null}},"6":{"start":{"line":12,"column":13},"end":{"line":12,"column":23}},"7":{"start":{"line":12,"column":13},"end":{"line":12,"column":null}}},"fnMap":{},"branchMap":{},"s":{"0":0,"1":0,"2":0,"3":0,"4":0,"5":0,"6":0,"7":0},"f":{},"b":{}}
,"/Users/nidhal/Workspace/Nest/tests/src/book/book.service.ts": {"path":"/Users/nidhal/Workspace/Nest/tests/src/book/book.service.ts","statementMap":{"0":{"start":{"line":1,"column":0},"end":{"line":1,"column":63}},"1":{"start":{"line":2,"column":0},"end":{"line":2,"column":51}},"2":{"start":{"line":3,"column":0},"end":{"line":3,"column":37}},"3":{"start":{"line":4,"column":0},"end":{"line":4,"column":43}},"4":{"start":{"line":7,"column":7},"end":{"line":43,"column":null}},"5":{"start":{"line":9,"column":42},"end":{"line":9,"column":52}},"6":{"start":{"line":13,"column":4},"end":{"line":13,"column":32}},"7":{"start":{"line":17,"column":4},"end":{"line":17,"column":39}},"8":{"start":{"line":21,"column":12},"end":{"line":24,"column":6}},"9":{"start":{"line":25,"column":4},"end":{"line":26,"column":79}},"10":{"start":{"line":26,"column":6},"end":{"line":26,"column":79}},"11":{"start":{"line":27,"column":4},"end":{"line":27,"column":33}},"12":{"start":{"line":31,"column":4},"end":{"line":33,"column":7}},"13":{"start":{"line":37,"column":4},"end":{"line":37,"column":48}},"14":{"start":{"line":41,"column":4},"end":{"line":41,"column":30}},"15":{"start":{"line":7,"column":13},"end":{"line":7,"column":24}},"16":{"start":{"line":7,"column":13},"end":{"line":43,"column":null}}},"fnMap":{"0":{"name":"(anonymous_4)","decl":{"start":{"line":8,"column":2},"end":{"line":8,"column":null}},"loc":{"start":{"line":9,"column":74},"end":{"line":10,"column":6}}},"1":{"name":"(anonymous_5)","decl":{"start":{"line":12,"column":2},"end":{"line":12,"column":23}},"loc":{"start":{"line":12,"column":23},"end":{"line":14,"column":3}}},"2":{"name":"(anonymous_6)","decl":{"start":{"line":16,"column":2},"end":{"line":16,"column":14}},"loc":{"start":{"line":16,"column":22},"end":{"line":18,"column":3}}},"3":{"name":"(anonymous_7)","decl":{"start":{"line":20,"column":2},"end":{"line":20,"column":7}},"loc":{"start":{"line":20,"column":29},"end":{"line":28,"column":3}}},"4":{"name":"(anonymous_8)","decl":{"start":{"line":30,"column":2},"end":{"line":30,"column":20}},"loc":{"start":{"line":30,"column":23},"end":{"line":34,"column":3}}},"5":{"name":"(anonymous_9)","decl":{"start":{"line":36,"column":2},"end":{"line":36,"column":20}},"loc":{"start":{"line":36,"column":23},"end":{"line":38,"column":3}}},"6":{"name":"(anonymous_10)","decl":{"start":{"line":40,"column":2},"end":{"line":40,"column":16}},"loc":{"start":{"line":40,"column":19},"end":{"line":42,"column":3}}}},"branchMap":{"0":{"loc":{"start":{"line":25,"column":4},"end":{"line":26,"column":79}},"type":"if","locations":[{"start":{"line":25,"column":4},"end":{"line":26,"column":79}}]}},"s":{"0":1,"1":1,"2":1,"3":1,"4":1,"5":0,"6":0,"7":0,"8":0,"9":0,"10":0,"11":0,"12":0,"13":0,"14":0,"15":1,"16":1},"f":{"0":0,"1":0,"2":0,"3":0,"4":0,"5":0,"6":0},"b":{"0":[0]}}
,"/Users/nidhal/Workspace/Nest/tests/src/book/mocks/book.mock.ts": {"path":"/Users/nidhal/Workspace/Nest/tests/src/book/mocks/book.mock.ts","statementMap":{"0":{"start":{"line":1,"column":13},"end":{"line":8,"column":2}}},"fnMap":{},"branchMap":{},"s":{"0":1},"f":{},"b":{}}
,"/Users/nidhal/Workspace/Nest/tests/src/book/mocks/book.service.mock.ts": {"path":"/Users/nidhal/Workspace/Nest/tests/src/book/mocks/book.service.mock.ts","statementMap":{"0":{"start":{"line":1,"column":0},"end":{"line":1,"column":51}},"1":{"start":{"line":2,"column":0},"end":{"line":2,"column":39}},"2":{"start":{"line":5,"column":2},"end":{"line":5,"column":64}},"3":{"start":{"line":6,"column":2},"end":{"line":10,"column":5}},"4":{"start":{"line":7,"column":12},"end":{"line":7,"column":50}},"5":{"start":{"line":7,"column":36},"end":{"line":7,"column":49}},"6":{"start":{"line":8,"column":4},"end":{"line":8,"column":59}},"7":{"start":{"line":8,"column":12},"end":{"line":8,"column":59}},"8":{"start":{"line":9,"column":4},"end":{"line":9,"column":30}},"9":{"start":{"line":11,"column":2},"end":{"line":11,"column":74}},"10":{"start":{"line":12,"column":2},"end":{"line":12,"column":77}},"11":{"start":{"line":4,"column":0},"end":{"line":4,"column":13}}},"fnMap":{"0":{"name":"(anonymous_0)","decl":{"start":{"line":4,"column":0},"end":{"line":4,"column":13}},"loc":{"start":{"line":4,"column":0},"end":{"line":13,"column":1}}},"1":{"name":"(anonymous_1)","decl":{"start":{"line":6,"column":52},"end":{"line":6,"column":53}},"loc":{"start":{"line":6,"column":67},"end":{"line":10,"column":3}}},"2":{"name":"(anonymous_2)","decl":{"start":{"line":7,"column":26},"end":{"line":7,"column":27}},"loc":{"start":{"line":7,"column":36},"end":{"line":7,"column":49}}}},"branchMap":{"0":{"loc":{"start":{"line":8,"column":4},"end":{"line":8,"column":59}},"type":"if","locations":[{"start":{"line":8,"column":4},"end":{"line":8,"column":59}}]}},"s":{"0":1,"1":1,"2":6,"3":6,"4":2,"5":2,"6":2,"7":1,"8":1,"9":6,"10":6,"11":1},"f":{"0":6,"1":2,"2":2},"b":{"0":[1]}}
}
